Flow report for niosII_microc_tiltmaze
Sat Feb 11 14:44:03 2017
Quartus II 32-bit Version 12.1 Build 243 01/31/2013 Service Pack 1 SJ Full Version


---------------------
; Table of Contents ;
---------------------
  1. Legal Notice
  2. Flow Summary
  3. Flow Settings
  4. Flow Non-Default Global Settings
  5. Flow Elapsed Time
  6. Flow OS Summary
  7. Flow Log



----------------
; Legal Notice ;
----------------
Copyright (C) 1991-2012 Altera Corporation
Your use of Altera Corporation's design tools, logic functions 
and other software and tools, and its AMPP partner logic 
functions, and any output files from any of the foregoing 
(including device programming or simulation files), and any 
associated documentation or information are expressly subject 
to the terms and conditions of the Altera Program License 
Subscription Agreement, Altera MegaCore Function License 
Agreement, or other applicable license agreement, including, 
without limitation, that your use is for the sole purpose of 
programming logic devices manufactured by Altera and sold by 
Altera or its authorized distributors.  Please refer to the 
applicable agreement for further details.



+-------------------------------------------------------------------------------------+
; Flow Summary                                                                        ;
+------------------------------------+------------------------------------------------+
; Flow Status                        ; Successful - Sat Feb 11 14:44:03 2017          ;
; Quartus II 32-bit Version          ; 12.1 Build 243 01/31/2013 SP 1 SJ Full Version ;
; Revision Name                      ; niosII_microc_tiltmaze                         ;
; Top-level Entity Name              ; niosII_microc_tiltmaze                         ;
; Family                             ; Cyclone II                                     ;
; Device                             ; EP2C35F672C6                                   ;
; Timing Models                      ; Final                                          ;
; Total logic elements               ; 4,831 / 33,216 ( 15 % )                        ;
;     Total combinational functions  ; 4,392 / 33,216 ( 13 % )                        ;
;     Dedicated logic registers      ; 2,926 / 33,216 ( 9 % )                         ;
; Total registers                    ; 3071                                           ;
; Total pins                         ; 110 / 475 ( 23 % )                             ;
; Total virtual pins                 ; 0                                              ;
; Total memory bits                  ; 230,784 / 483,840 ( 48 % )                     ;
; Embedded Multiplier 9-bit elements ; 4 / 70 ( 6 % )                                 ;
; Total PLLs                         ; 1 / 4 ( 25 % )                                 ;
+------------------------------------+------------------------------------------------+


+--------------------------------------------+
; Flow Settings                              ;
+-------------------+------------------------+
; Option            ; Setting                ;
+-------------------+------------------------+
; Start date & time ; 02/11/2017 14:41:50    ;
; Main task         ; Compilation            ;
; Revision Name     ; niosII_microc_tiltmaze ;
+-------------------+------------------------+


+-------------------------------------------------------------------------------------------------------------+
; Flow Non-Default Global Settings                                                                            ;
+-------------------------------------+------------------------+---------------+-------------+----------------+
; Assignment Name                     ; Value                  ; Default Value ; Entity Name ; Section Id     ;
+-------------------------------------+------------------------+---------------+-------------+----------------+
; COMPILER_SIGNATURE_ID               ; 0.148684930923415      ; --            ; --          ; --             ;
; EDA_OUTPUT_DATA_FORMAT              ; Vhdl                   ; --            ; --          ; eda_simulation ;
; EDA_SIMULATION_TOOL                 ; ModelSim-Altera (VHDL) ; <None>        ; --          ; --             ;
; MAX_CORE_JUNCTION_TEMP              ; 85                     ; --            ; --          ; --             ;
; MIN_CORE_JUNCTION_TEMP              ; 0                      ; --            ; --          ; --             ;
; PARTITION_COLOR                     ; 2147039                ; --            ; --          ; Top            ;
; PARTITION_FITTER_PRESERVATION_LEVEL ; PLACEMENT_AND_ROUTING  ; --            ; --          ; Top            ;
; PARTITION_NETLIST_TYPE              ; SOURCE                 ; --            ; --          ; Top            ;
; PROJECT_OUTPUT_DIRECTORY            ; output_files           ; --            ; --          ; --             ;
+-------------------------------------+------------------------+---------------+-------------+----------------+


+-------------------------------------------------------------------------------------------------------------------------------+
; Flow Elapsed Time                                                                                                             ;
+---------------------------+--------------+-------------------------+---------------------+------------------------------------+
; Module Name               ; Elapsed Time ; Average Processors Used ; Peak Virtual Memory ; Total CPU Time (on all processors) ;
+---------------------------+--------------+-------------------------+---------------------+------------------------------------+
; Analysis & Synthesis      ; 00:01:20     ; 1.0                     ; 458 MB              ; 00:01:38                           ;
; Fitter                    ; 00:00:28     ; 2.2                     ; 551 MB              ; 00:00:37                           ;
; Assembler                 ; 00:00:03     ; 1.0                     ; 343 MB              ; 00:00:03                           ;
; TimeQuest Timing Analyzer ; 00:00:02     ; 1.0                     ; 374 MB              ; 00:00:02                           ;
; EDA Netlist Writer        ; 00:00:06     ; 1.0                     ; 354 MB              ; 00:00:04                           ;
; Total                     ; 00:01:59     ; --                      ; --                  ; 00:02:24                           ;
+---------------------------+--------------+-------------------------+---------------------+------------------------------------+


+-----------------------------------------------------------------------------------------------------+
; Flow OS Summary                                                                                     ;
+---------------------------+--------------------------+--------------+--------------+----------------+
; Module Name               ; Machine Hostname         ; OS Name      ; OS Version   ; Processor type ;
+---------------------------+--------------------------+--------------+--------------+----------------+
; Analysis & Synthesis      ; e3-11-20.ece.ualberta.ca ; CentOS Linux ; CentOS Linux ; x86_64         ;
; Fitter                    ; e3-11-20.ece.ualberta.ca ; CentOS Linux ; CentOS Linux ; x86_64         ;
; Assembler                 ; e3-11-20.ece.ualberta.ca ; CentOS Linux ; CentOS Linux ; x86_64         ;
; TimeQuest Timing Analyzer ; e3-11-20.ece.ualberta.ca ; CentOS Linux ; CentOS Linux ; x86_64         ;
; EDA Netlist Writer        ; e3-11-20.ece.ualberta.ca ; CentOS Linux ; CentOS Linux ; x86_64         ;
+---------------------------+--------------------------+--------------+--------------+----------------+


------------
; Flow Log ;
------------
quartus_map --read_settings_files=on --write_settings_files=off niosII_microc_tiltmaze -c niosII_microc_tiltmaze
quartus_fit --read_settings_files=off --write_settings_files=off niosII_microc_tiltmaze -c niosII_microc_tiltmaze
quartus_asm --read_settings_files=off --write_settings_files=off niosII_microc_tiltmaze -c niosII_microc_tiltmaze
quartus_sta niosII_microc_tiltmaze -c niosII_microc_tiltmaze
quartus_eda --read_settings_files=off --write_settings_files=off niosII_microc_tiltmaze -c niosII_microc_tiltmaze



