
**** Build of configuration Nios II for project TiltMazeController ****

make all 
Info: Building ../TiltMazeController_bsp/
make --no-print-directory -C ../TiltMazeController_bsp/
[BSP build complete]
Info: Compiling command.c to obj/default/command.o
nios2-elf-gcc -xc -MP -MMD -c -I../TiltMazeController_bsp//UCOSII/inc -I../TiltMazeController_bsp//HAL/inc -I../TiltMazeController_bsp/ -I../TiltMazeController_bsp//drivers/inc  -DSYSTEM_BUS_WIDTH=32 -pipe -D__hal__ -DALT_NO_INSTRUCTION_EMULATION -D__ucosii__    -O0 -g -Wall   -EL -mno-hw-div -mhw-mul -mno-hw-mulx  -o obj/default/command.o command.c
command.c: In function 'get_arg':
Info: Compiling main.c to obj/default/main.o
command.c:39: warning: implicit declaration of function 'sscanf'
nios2-elf-gcc -xc -MP -MMD -c -I../TiltMazeController_bsp//UCOSII/inc -I../TiltMazeController_bsp//HAL/inc -I../TiltMazeController_bsp/ -I../TiltMazeController_bsp//drivers/inc  -DSYSTEM_BUS_WIDTH=32 -pipe -D__hal__ -DALT_NO_INSTRUCTION_EMULATION -D__ucosii__    -O0 -g -Wall   -EL -mno-hw-div -mhw-mul -mno-hw-mulx  -o obj/default/main.o main.c
command.c:39: warning: incompatible implicit declaration of built-in function 'sscanf'
Info: Compiling uart.c to obj/default/uart.o
command.c:39: warning: format '%x' expects type 'unsigned int *', but argument 3 has type 'INT16U *'
nios2-elf-gcc -xc -MP -MMD -c -I../TiltMazeController_bsp//UCOSII/inc -I../TiltMazeController_bsp//HAL/inc -I../TiltMazeController_bsp/ -I../TiltMazeController_bsp//drivers/inc  -DSYSTEM_BUS_WIDTH=32 -pipe -D__hal__ -DALT_NO_INSTRUCTION_EMULATION -D__ucosii__    -O0 -g -Wall   -EL -mno-hw-div -mhw-mul -mno-hw-mulx  -o obj/default/uart.o uart.c
uart.c: In function 'uarttask':
Info: Linking TiltMazeController.elf
uart.c:33: warning: implicit declaration of function 'memset'
nios2-elf-g++  -T'../TiltMazeController_bsp//linker.x' -msys-crt0='../TiltMazeController_bsp//obj/HAL/src/crt0.o' -msys-lib=ucosii_bsp -L../TiltMazeController_bsp/   -Wl,-Map=TiltMazeController.map   -O0 -g -Wall   -EL -mno-hw-div -mhw-mul -mno-hw-mulx  -o TiltMazeController.elf obj/default/command.o obj/default/main.o obj/default/uart.o -lm 
uart.c:33: warning: incompatible implicit declaration of built-in function 'memset'
nios2-elf-insert TiltMazeController.elf --thread_model ucosii --cpu_name nios2_qsys_0 --qsys true --simulation_enabled false --id 0 --sidp 0x110a060 --timestamp 1487794604 --stderr_dev jtag_uart_0 --stdin_dev jtag_uart_0 --stdout_dev jtag_uart_0 --sopc_system_name niosII_system --quartus_project_dir "/afs/ualberta.ca/home/d/k/dktrotti/AutoTiltMaze/niosII_microc_tiltmaze" --jdi /afs/ualberta.ca/home/d/k/dktrotti/AutoTiltMaze/niosII_microc_tiltmaze/software/TiltMazeController_bsp/../../niosII_microc_tiltmaze.jdi --sopcinfo /afs/ualberta.ca/home/d/k/dktrotti/AutoTiltMaze/niosII_microc_tiltmaze/software/TiltMazeController_bsp/../../niosII_system.sopcinfo
Info: (TiltMazeController.elf) 149 KBytes program size (code + initialized data).
Info:                          8035 KBytes free for stack + heap.
Info: Creating TiltMazeController.objdump
nios2-elf-objdump --disassemble --syms --all-header --source TiltMazeController.elf >TiltMazeController.objdump
[TiltMazeController build complete]

**** Build Finished ****

**** Build of configuration Nios II for project TiltMazeController ****

make all 
Info: Building ../TiltMazeController_bsp/
make --no-print-directory -C ../TiltMazeController_bsp/
[BSP build complete]
[TiltMazeController build complete]

**** Build Finished ****

**** Build of configuration Nios II for project TiltMazeController ****

make all 
Info: Building ../TiltMazeController_bsp/
make --no-print-directory -C ../TiltMazeController_bsp/
[BSP build complete]
[TiltMazeController build complete]

**** Build Finished ****
